<?xml version="1.0" encoding="UTF-8"?>
<coverage generated="1785171895523" clover="3.2.0">
  <project timestamp="1785171895523" name="All files">
    <metrics statements="101" coveredstatements="98" conditionals="51" coveredconditionals="47" methods="33" coveredmethods="32" elements="185" coveredelements="177" complexity="0" loc="101" ncloc="101" packages="7" files="13" classes="13"/>
    <package name="api">
      <metrics statements="1" coveredstatements="1" conditionals="0" coveredconditionals="0" methods="0" coveredmethods="0"/>
      <file name="axios.ts" path="C:\xampp\htdocs\fullstack-payment-flow\frontend\src\api\axios.ts">
        <metrics statements="1" coveredstatements="1" conditionals="0" coveredconditionals="0" methods="0" coveredmethods="0"/>
        <line num="3" count="1" type="stmt"/>
      </file>
    </package>
    <package name="checkout">
      <metrics statements="14" coveredstatements="13" conditionals="26" coveredconditionals="26" methods="7" coveredmethods="7"/>
      <file name="CheckoutForm.tsx" path="C:\xampp\htdocs\fullstack-payment-flow\frontend\src\checkout\CheckoutForm.tsx">
        <metrics statements="13" coveredstatements="12" conditionals="26" coveredconditionals="26" methods="6" coveredmethods="6"/>
        <line num="25" count="25" type="stmt"/>
        <line num="47" count="25" type="stmt"/>
        <line num="48" count="2" type="stmt"/>
        <line num="50" count="2" type="cond" truecount="2" falsecount="0"/>
        <line num="52" count="1" type="stmt"/>
        <line num="53" count="1" type="stmt"/>
        <line num="55" count="0" type="stmt"/>
        <line num="62" count="25" type="stmt"/>
        <line num="63" count="2" type="stmt"/>
        <line num="64" count="81" type="stmt"/>
        <line num="67" count="2" type="stmt"/>
        <line num="71" count="1" type="stmt"/>
        <line num="74" count="25" type="stmt"/>
      </file>
      <file name="OrderSummary.tsx" path="C:\xampp\htdocs\fullstack-payment-flow\frontend\src\checkout\OrderSummary.tsx">
        <metrics statements="1" coveredstatements="1" conditionals="0" coveredconditionals="0" methods="1" coveredmethods="1"/>
        <line num="19" count="2" type="stmt"/>
      </file>
    </package>
    <package name="components.form">
      <metrics statements="10" coveredstatements="10" conditionals="11" coveredconditionals="11" methods="3" coveredmethods="3"/>
      <file name="AppTextField.tsx" path="C:\xampp\htdocs\fullstack-payment-flow\frontend\src\components\form\AppTextField.tsx">
        <metrics statements="10" coveredstatements="10" conditionals="11" coveredconditionals="11" methods="3" coveredmethods="3"/>
        <line num="30" count="85" type="cond" truecount="5" falsecount="0"/>
        <line num="32" count="26" type="stmt"/>
        <line num="35" count="8" type="stmt"/>
        <line num="38" count="11" type="stmt"/>
        <line num="41" count="17" type="stmt"/>
        <line num="44" count="23" type="stmt"/>
        <line num="48" count="255" type="stmt"/>
        <line num="49" count="85" type="stmt"/>
        <line num="51" count="85" type="stmt"/>
        <line num="54" count="255" type="stmt"/>
      </file>
    </package>
    <package name="pages">
      <metrics statements="61" coveredstatements="59" conditionals="14" coveredconditionals="10" methods="16" coveredmethods="15"/>
      <file name="CheckoutPage.tsx" path="C:\xampp\htdocs\fullstack-payment-flow\frontend\src\pages\CheckoutPage.tsx">
        <metrics statements="19" coveredstatements="19" conditionals="6" coveredconditionals="5" methods="4" coveredmethods="3"/>
        <line num="21" count="11" type="stmt"/>
        <line num="23" count="11" type="stmt"/>
        <line num="25" count="11" type="stmt"/>
        <line num="27" count="11" type="cond" truecount="2" falsecount="0"/>
        <line num="28" count="1" type="stmt"/>
        <line num="32" count="3" type="cond" truecount="1" falsecount="1"/>
        <line num="33" count="3" type="stmt"/>
        <line num="35" count="3" type="stmt"/>
        <line num="36" count="3" type="stmt"/>
        <line num="53" count="2" type="stmt"/>
        <line num="63" count="2" type="cond" truecount="2" falsecount="0"/>
        <line num="65" count="1" type="stmt"/>
        <line num="67" count="1" type="stmt"/>
        <line num="69" count="1" type="stmt"/>
        <line num="76" count="1" type="stmt"/>
        <line num="78" count="1" type="stmt"/>
        <line num="80" count="3" type="stmt"/>
        <line num="84" count="10" type="stmt"/>
        <line num="90" count="16" type="stmt"/>
      </file>
      <file name="FailedPage.tsx" path="C:\xampp\htdocs\fullstack-payment-flow\frontend\src\pages\FailedPage.tsx">
        <metrics statements="6" coveredstatements="6" conditionals="2" coveredconditionals="1" methods="3" coveredmethods="3"/>
        <line num="21" count="3" type="stmt"/>
        <line num="23" count="3" type="stmt"/>
        <line num="25" count="3" type="cond" truecount="1" falsecount="1"/>
        <line num="27" count="3" type="stmt"/>
        <line num="131" count="1" type="stmt"/>
        <line num="141" count="1" type="stmt"/>
      </file>
      <file name="HomePage.tsx" path="C:\xampp\htdocs\fullstack-payment-flow\frontend\src\pages\HomePage.tsx">
        <metrics statements="13" coveredstatements="13" conditionals="0" coveredconditionals="0" methods="4" coveredmethods="4"/>
        <line num="13" count="5" type="stmt"/>
        <line num="15" count="5" type="stmt"/>
        <line num="16" count="5" type="stmt"/>
        <line num="18" count="5" type="stmt"/>
        <line num="19" count="3" type="stmt"/>
        <line num="23" count="3" type="stmt"/>
        <line num="24" count="3" type="stmt"/>
        <line num="25" count="2" type="stmt"/>
        <line num="27" count="1" type="stmt"/>
        <line num="32" count="1" type="stmt"/>
        <line num="34" count="1" type="stmt"/>
        <line num="39" count="1" type="stmt"/>
        <line num="42" count="5" type="stmt"/>
      </file>
      <file name="SuccessPage.tsx" path="C:\xampp\htdocs\fullstack-payment-flow\frontend\src\pages\SuccessPage.tsx">
        <metrics statements="23" coveredstatements="21" conditionals="6" coveredconditionals="4" methods="5" coveredmethods="5"/>
        <line num="28" count="4" type="stmt"/>
        <line num="30" count="4" type="stmt"/>
        <line num="32" count="4" type="stmt"/>
        <line num="35" count="4" type="stmt"/>
        <line num="37" count="4" type="stmt"/>
        <line num="40" count="4" type="stmt"/>
        <line num="41" count="2" type="stmt"/>
        <line num="44" count="4" type="stmt"/>
        <line num="45" count="2" type="cond" truecount="1" falsecount="1"/>
        <line num="46" count="2" type="stmt"/>
        <line num="51" count="2" type="stmt"/>
        <line num="52" count="2" type="stmt"/>
        <line num="54" count="2" type="stmt"/>
        <line num="56" count="0" type="stmt"/>
        <line num="58" count="2" type="stmt"/>
        <line num="63" count="1" type="stmt"/>
        <line num="65" count="1" type="stmt"/>
        <line num="67" count="1" type="stmt"/>
        <line num="70" count="4" type="cond" truecount="2" falsecount="0"/>
        <line num="71" count="2" type="stmt"/>
        <line num="86" count="2" type="cond" truecount="1" falsecount="1"/>
        <line num="87" count="0" type="stmt"/>
        <line num="90" count="2" type="stmt"/>
      </file>
    </package>
    <package name="schemas">
      <metrics statements="1" coveredstatements="1" conditionals="0" coveredconditionals="0" methods="0" coveredmethods="0"/>
      <file name="checkout.schema.ts" path="C:\xampp\htdocs\fullstack-payment-flow\frontend\src\schemas\checkout.schema.ts">
        <metrics statements="1" coveredstatements="1" conditionals="0" coveredconditionals="0" methods="0" coveredmethods="0"/>
        <line num="3" count="2" type="stmt"/>
      </file>
    </package>
    <package name="services">
      <metrics statements="8" coveredstatements="8" conditionals="0" coveredconditionals="0" methods="4" coveredmethods="4"/>
      <file name="payment.service.ts" path="C:\xampp\htdocs\fullstack-payment-flow\frontend\src\services\payment.service.ts">
        <metrics statements="2" coveredstatements="2" conditionals="0" coveredconditionals="0" methods="1" coveredmethods="1"/>
        <line num="24" count="2" type="stmt"/>
        <line num="29" count="1" type="stmt"/>
      </file>
      <file name="product.service.ts" path="C:\xampp\htdocs\fullstack-payment-flow\frontend\src\services\product.service.ts">
        <metrics statements="2" coveredstatements="2" conditionals="0" coveredconditionals="0" methods="1" coveredmethods="1"/>
        <line num="5" count="1" type="stmt"/>
        <line num="7" count="1" type="stmt"/>
      </file>
      <file name="transaction.service.ts" path="C:\xampp\htdocs\fullstack-payment-flow\frontend\src\services\transaction.service.ts">
        <metrics statements="4" coveredstatements="4" conditionals="0" coveredconditionals="0" methods="2" coveredmethods="2"/>
        <line num="30" count="1" type="stmt"/>
        <line num="35" count="1" type="stmt"/>
        <line num="42" count="1" type="stmt"/>
        <line num="46" count="1" type="stmt"/>
      </file>
    </package>
    <package name="store.slices">
      <metrics statements="6" coveredstatements="6" conditionals="0" coveredconditionals="0" methods="3" coveredmethods="3"/>
      <file name="checkoutSlice.ts" path="C:\xampp\htdocs\fullstack-payment-flow\frontend\src\store\slices\checkoutSlice.ts">
        <metrics statements="6" coveredstatements="6" conditionals="0" coveredconditionals="0" methods="3" coveredmethods="3"/>
        <line num="12" count="3" type="stmt"/>
        <line num="16" count="3" type="stmt"/>
        <line num="23" count="1" type="stmt"/>
        <line num="27" count="1" type="stmt"/>
        <line num="30" count="1" type="stmt"/>
        <line num="39" count="3" type="stmt"/>
      </file>
    </package>
  </project>
</coverage>
