{"C:\\xampp\\htdocs\\fullstack-payment-flow\\frontend\\src\\api\\axios.ts": {"path":"C:\\xampp\\htdocs\\fullstack-payment-flow\\frontend\\src\\api\\axios.ts","statementMap":{"0":{"start":{"line":3,"column":19},"end":{"line":5,"column":null}}},"fnMap":{},"branchMap":{},"s":{"0":1},"f":{},"b":{},"meta":{"lastBranch":0,"lastFunction":0,"lastStatement":1,"seen":{"s:3:19:5:Infinity":0},"fnNames":{}}}
,"C:\\xampp\\htdocs\\fullstack-payment-flow\\frontend\\src\\checkout\\CheckoutForm.tsx": {"path":"C:\\xampp\\htdocs\\fullstack-payment-flow\\frontend\\src\\checkout\\CheckoutForm.tsx","statementMap":{"0":{"start":{"line":25,"column":6},"end":{"line":44,"column":null}},"1":{"start":{"line":47,"column":2},"end":{"line":57,"column":null}},"2":{"start":{"line":48,"column":18},"end":{"line":48,"column":null}},"3":{"start":{"line":50,"column":4},"end":{"line":50,"column":null}},"4":{"start":{"line":50,"column":16},"end":{"line":50,"column":null}},"5":{"start":{"line":52,"column":4},"end":{"line":56,"column":null}},"6":{"start":{"line":53,"column":6},"end":{"line":53,"column":null}},"7":{"start":{"line":55,"column":6},"end":{"line":55,"column":null}},"8":{"start":{"line":62,"column":2},"end":{"line":68,"column":null}},"9":{"start":{"line":63,"column":25},"end":{"line":65,"column":null}},"10":{"start":{"line":64,"column":6},"end":{"line":64,"column":null}},"11":{"start":{"line":67,"column":4},"end":{"line":67,"column":null}},"12":{"start":{"line":67,"column":17},"end":{"line":67,"column":null}},"13":{"start":{"line":71,"column":4},"end":{"line":71,"column":null}},"14":{"start":{"line":74,"column":2},"end":{"line":202,"column":null}}},"fnMap":{"0":{"name":"CheckoutForm","decl":{"start":{"line":18,"column":24},"end":{"line":18,"column":37}},"loc":{"start":{"line":18,"column":58},"end":{"line":204,"column":null}},"line":18},"1":{"name":"(anonymous_1)","decl":{"start":{"line":47,"column":2},"end":{"line":47,"column":18}},"loc":{"start":{"line":47,"column":18},"end":{"line":57,"column":5}},"line":47},"2":{"name":"(anonymous_2)","decl":{"start":{"line":62,"column":2},"end":{"line":62,"column":18}},"loc":{"start":{"line":62,"column":18},"end":{"line":68,"column":5}},"line":62},"3":{"name":"(anonymous_3)","decl":{"start":{"line":63,"column":25},"end":{"line":63,"column":32}},"loc":{"start":{"line":63,"column":42},"end":{"line":65,"column":5}},"line":63},"4":{"name":"(anonymous_4)","decl":{"start":{"line":67,"column":4},"end":{"line":67,"column":17}},"loc":{"start":{"line":67,"column":17},"end":{"line":67,"column":null}},"line":67},"5":{"name":"submitForm","decl":{"start":{"line":70,"column":17},"end":{"line":70,"column":28}},"loc":{"start":{"line":70,"column":52},"end":{"line":72,"column":null}},"line":70}},"branchMap":{"0":{"loc":{"start":{"line":50,"column":4},"end":{"line":50,"column":null}},"type":"if","locations":[{"start":{"line":50,"column":4},"end":{"line":50,"column":null}},{"start":{},"end":{}}],"line":50},"1":{"loc":{"start":{"line":89,"column":12},"end":{"line":89,"column":null}},"type":"binary-expr","locations":[{"start":{"line":89,"column":12},"end":{"line":89,"column":40}},{"start":{"line":89,"column":40},"end":{"line":89,"column":null}}],"line":89},"2":{"loc":{"start":{"line":100,"column":22},"end":{"line":100,"column":null}},"type":"binary-expr","locations":[{"start":{"line":100,"column":22},"end":{"line":100,"column":47}},{"start":{"line":100,"column":47},"end":{"line":100,"column":null}}],"line":100},"3":{"loc":{"start":{"line":110,"column":12},"end":{"line":110,"column":null}},"type":"binary-expr","locations":[{"start":{"line":110,"column":12},"end":{"line":110,"column":39}},{"start":{"line":110,"column":39},"end":{"line":110,"column":null}}],"line":110},"4":{"loc":{"start":{"line":120,"column":22},"end":{"line":120,"column":null}},"type":"binary-expr","locations":[{"start":{"line":120,"column":22},"end":{"line":120,"column":46}},{"start":{"line":120,"column":46},"end":{"line":120,"column":null}}],"line":120},"5":{"loc":{"start":{"line":131,"column":22},"end":{"line":131,"column":null}},"type":"binary-expr","locations":[{"start":{"line":131,"column":22},"end":{"line":131,"column":47}},{"start":{"line":131,"column":47},"end":{"line":131,"column":null}}],"line":131},"6":{"loc":{"start":{"line":146,"column":12},"end":{"line":146,"column":null}},"type":"binary-expr","locations":[{"start":{"line":146,"column":12},"end":{"line":146,"column":42}},{"start":{"line":146,"column":42},"end":{"line":146,"column":null}}],"line":146},"7":{"loc":{"start":{"line":158,"column":22},"end":{"line":158,"column":null}},"type":"binary-expr","locations":[{"start":{"line":158,"column":22},"end":{"line":158,"column":52}},{"start":{"line":158,"column":52},"end":{"line":158,"column":null}}],"line":158},"8":{"loc":{"start":{"line":169,"column":24},"end":{"line":169,"column":null}},"type":"binary-expr","locations":[{"start":{"line":169,"column":24},"end":{"line":169,"column":52}},{"start":{"line":169,"column":52},"end":{"line":169,"column":null}}],"line":169},"9":{"loc":{"start":{"line":179,"column":24},"end":{"line":179,"column":null}},"type":"binary-expr","locations":[{"start":{"line":179,"column":24},"end":{"line":179,"column":51}},{"start":{"line":179,"column":51},"end":{"line":179,"column":null}}],"line":179},"10":{"loc":{"start":{"line":189,"column":24},"end":{"line":189,"column":null}},"type":"binary-expr","locations":[{"start":{"line":189,"column":24},"end":{"line":189,"column":47}},{"start":{"line":189,"column":47},"end":{"line":189,"column":null}}],"line":189},"11":{"loc":{"start":{"line":197,"column":20},"end":{"line":197,"column":null}},"type":"binary-expr","locations":[{"start":{"line":197,"column":20},"end":{"line":197,"column":32}},{"start":{"line":197,"column":32},"end":{"line":197,"column":null}}],"line":197},"12":{"loc":{"start":{"line":199,"column":11},"end":{"line":199,"column":null}},"type":"cond-expr","locations":[{"start":{"line":199,"column":26},"end":{"line":199,"column":44}},{"start":{"line":199,"column":44},"end":{"line":199,"column":null}}],"line":199}},"s":{"0":23,"1":23,"2":2,"3":2,"4":1,"5":1,"6":1,"7":0,"8":23,"9":2,"10":81,"11":2,"12":2,"13":1,"14":23},"f":{"0":23,"1":2,"2":2,"3":81,"4":2,"5":1},"b":{"0":[1,1],"1":[23,23],"2":[23,22],"3":[23,22],"4":[23,23],"5":[23,22],"6":[23,22],"7":[23,22],"8":[23,22],"9":[23,23],"10":[23,22],"11":[23,3],"12":[1,22]},"meta":{"lastBranch":13,"lastFunction":6,"lastStatement":15,"seen":{"f:18:24:18:37":0,"s:25:6:44:Infinity":0,"s:47:2:57:Infinity":1,"f:47:2:47:18":1,"s:48:18:48:Infinity":2,"b:50:4:50:Infinity:undefined:undefined:undefined:undefined":0,"s:50:4:50:Infinity":3,"s:50:16:50:Infinity":4,"s:52:4:56:Infinity":5,"s:53:6:53:Infinity":6,"s:55:6:55:Infinity":7,"s:62:2:68:Infinity":8,"f:62:2:62:18":2,"s:63:25:65:Infinity":9,"f:63:25:63:32":3,"s:64:6:64:Infinity":10,"s:67:4:67:Infinity":11,"f:67:4:67:17":4,"s:67:17:67:Infinity":12,"f:70:17:70:28":5,"s:71:4:71:Infinity":13,"s:74:2:202:Infinity":14,"b:89:12:89:40:89:40:89:Infinity":1,"b:100:22:100:47:100:47:100:Infinity":2,"b:110:12:110:39:110:39:110:Infinity":3,"b:120:22:120:46:120:46:120:Infinity":4,"b:131:22:131:47:131:47:131:Infinity":5,"b:146:12:146:42:146:42:146:Infinity":6,"b:158:22:158:52:158:52:158:Infinity":7,"b:169:24:169:52:169:52:169:Infinity":8,"b:179:24:179:51:179:51:179:Infinity":9,"b:189:24:189:47:189:47:189:Infinity":10,"b:197:20:197:32:197:32:197:Infinity":11,"b:199:26:199:44:199:44:199:Infinity":12},"fnNames":{}}}
,"C:\\xampp\\htdocs\\fullstack-payment-flow\\frontend\\src\\checkout\\OrderSummary.tsx": {"path":"C:\\xampp\\htdocs\\fullstack-payment-flow\\frontend\\src\\checkout\\OrderSummary.tsx","statementMap":{"0":{"start":{"line":19,"column":2},"end":{"line":68,"column":null}}},"fnMap":{"0":{"name":"OrderSummary","decl":{"start":{"line":16,"column":24},"end":{"line":16,"column":37}},"loc":{"start":{"line":18,"column":10},"end":{"line":70,"column":null}},"line":18}},"branchMap":{},"s":{"0":2},"f":{"0":2},"b":{},"meta":{"lastBranch":0,"lastFunction":1,"lastStatement":1,"seen":{"f:16:24:16:37":0,"s:19:2:68:Infinity":0},"fnNames":{}}}
,"C:\\xampp\\htdocs\\fullstack-payment-flow\\frontend\\src\\components\\form\\AppTextField.tsx": {"path":"C:\\xampp\\htdocs\\fullstack-payment-flow\\frontend\\src\\components\\form\\AppTextField.tsx","statementMap":{"0":{"start":{"line":30,"column":4},"end":{"line":45,"column":null}},"1":{"start":{"line":32,"column":8},"end":{"line":32,"column":null}},"2":{"start":{"line":35,"column":8},"end":{"line":35,"column":null}},"3":{"start":{"line":38,"column":8},"end":{"line":38,"column":null}},"4":{"start":{"line":41,"column":8},"end":{"line":41,"column":null}},"5":{"start":{"line":44,"column":8},"end":{"line":44,"column":null}},"6":{"start":{"line":48,"column":8},"end":{"line":52,"column":null}},"7":{"start":{"line":49,"column":4},"end":{"line":49,"column":null}},"8":{"start":{"line":51,"column":4},"end":{"line":51,"column":null}},"9":{"start":{"line":54,"column":2},"end":{"line":72,"column":null}}},"fnMap":{"0":{"name":"AppTextField","decl":{"start":{"line":23,"column":24},"end":{"line":23,"column":37}},"loc":{"start":{"line":28,"column":22},"end":{"line":74,"column":null}},"line":28},"1":{"name":"sanitize","decl":{"start":{"line":29,"column":11},"end":{"line":29,"column":20}},"loc":{"start":{"line":29,"column":35},"end":{"line":46,"column":null}},"line":29},"2":{"name":"(anonymous_2)","decl":{"start":{"line":48,"column":8},"end":{"line":48,"column":24}},"loc":{"start":{"line":48,"column":61},"end":{"line":52,"column":null}},"line":48}},"branchMap":{"0":{"loc":{"start":{"line":24,"column":2},"end":{"line":24,"column":null}},"type":"default-arg","locations":[{"start":{"line":24,"column":12},"end":{"line":24,"column":null}}],"line":24},"1":{"loc":{"start":{"line":30,"column":4},"end":{"line":45,"column":null}},"type":"switch","locations":[{"start":{"line":31,"column":6},"end":{"line":32,"column":null}},{"start":{"line":34,"column":6},"end":{"line":35,"column":null}},{"start":{"line":37,"column":6},"end":{"line":38,"column":null}},{"start":{"line":40,"column":6},"end":{"line":41,"column":null}},{"start":{"line":43,"column":6},"end":{"line":44,"column":null}}],"line":30},"2":{"loc":{"start":{"line":65,"column":12},"end":{"line":69,"column":null}},"type":"cond-expr","locations":[{"start":{"line":68,"column":16},"end":{"line":68,"column":null}},{"start":{"line":69,"column":16},"end":{"line":69,"column":null}}],"line":65},"3":{"loc":{"start":{"line":65,"column":12},"end":{"line":67,"column":null}},"type":"binary-expr","locations":[{"start":{"line":65,"column":12},"end":{"line":65,"column":null}},{"start":{"line":66,"column":12},"end":{"line":66,"column":null}},{"start":{"line":67,"column":12},"end":{"line":67,"column":null}}],"line":65}},"s":{"0":85,"1":26,"2":8,"3":11,"4":17,"5":23,"6":235,"7":85,"8":85,"9":235},"f":{"0":235,"1":85,"2":85},"b":{"0":[235],"1":[26,8,11,17,23],"2":[118,117],"3":[235,165,141]},"meta":{"lastBranch":4,"lastFunction":3,"lastStatement":10,"seen":{"f:23:24:23:37":0,"b:24:12:24:Infinity":0,"f:29:11:29:20":1,"b:31:6:32:Infinity:34:6:35:Infinity:37:6:38:Infinity:40:6:41:Infinity:43:6:44:Infinity":1,"s:30:4:45:Infinity":0,"s:32:8:32:Infinity":1,"s:35:8:35:Infinity":2,"s:38:8:38:Infinity":3,"s:41:8:41:Infinity":4,"s:44:8:44:Infinity":5,"s:48:8:52:Infinity":6,"f:48:8:48:24":2,"s:49:4:49:Infinity":7,"s:51:4:51:Infinity":8,"s:54:2:72:Infinity":9,"b:68:16:68:Infinity:69:16:69:Infinity":2,"b:65:12:65:Infinity:66:12:66:Infinity:67:12:67:Infinity":3},"fnNames":{}}}
,"C:\\xampp\\htdocs\\fullstack-payment-flow\\frontend\\src\\pages\\CheckoutPage.tsx": {"path":"C:\\xampp\\htdocs\\fullstack-payment-flow\\frontend\\src\\pages\\CheckoutPage.tsx","statementMap":{"0":{"start":{"line":21,"column":19},"end":{"line":21,"column":31}},"1":{"start":{"line":23,"column":32},"end":{"line":23,"column":null}},"2":{"start":{"line":25,"column":18},"end":{"line":25,"column":null}},"3":{"start":{"line":25,"column":44},"end":{"line":25,"column":74}},"4":{"start":{"line":27,"column":2},"end":{"line":29,"column":null}},"5":{"start":{"line":28,"column":4},"end":{"line":28,"column":null}},"6":{"start":{"line":32,"column":4},"end":{"line":32,"column":null}},"7":{"start":{"line":34,"column":4},"end":{"line":80,"column":null}},"8":{"start":{"line":35,"column":26},"end":{"line":50,"column":null}},"9":{"start":{"line":52,"column":22},"end":{"line":60,"column":null}},"10":{"start":{"line":62,"column":6},"end":{"line":73,"column":null}},"11":{"start":{"line":64,"column":8},"end":{"line":64,"column":null}},"12":{"start":{"line":66,"column":8},"end":{"line":66,"column":null}},"13":{"start":{"line":68,"column":8},"end":{"line":72,"column":null}},"14":{"start":{"line":75,"column":6},"end":{"line":75,"column":null}},"15":{"start":{"line":77,"column":6},"end":{"line":77,"column":null}},"16":{"start":{"line":79,"column":6},"end":{"line":79,"column":null}},"17":{"start":{"line":83,"column":2},"end":{"line":117,"column":null}},"18":{"start":{"line":89,"column":29},"end":{"line":89,"column":null}}},"fnMap":{"0":{"name":"CheckoutPage","decl":{"start":{"line":20,"column":24},"end":{"line":20,"column":39}},"loc":{"start":{"line":20,"column":39},"end":{"line":119,"column":null}},"line":20},"1":{"name":"(anonymous_1)","decl":{"start":{"line":25,"column":18},"end":{"line":25,"column":34}},"loc":{"start":{"line":25,"column":44},"end":{"line":25,"column":74}},"line":25},"2":{"name":"handleCheckout","decl":{"start":{"line":31,"column":17},"end":{"line":31,"column":32}},"loc":{"start":{"line":31,"column":56},"end":{"line":81,"column":null}},"line":31},"3":{"name":"(anonymous_3)","decl":{"start":{"line":89,"column":10},"end":{"line":89,"column":19}},"loc":{"start":{"line":89,"column":29},"end":{"line":89,"column":null}},"line":89}},"branchMap":{"0":{"loc":{"start":{"line":27,"column":2},"end":{"line":29,"column":null}},"type":"if","locations":[{"start":{"line":27,"column":2},"end":{"line":29,"column":null}},{"start":{},"end":{}}],"line":27},"1":{"loc":{"start":{"line":62,"column":6},"end":{"line":73,"column":null}},"type":"if","locations":[{"start":{"line":62,"column":6},"end":{"line":73,"column":null}},{"start":{"line":67,"column":13},"end":{"line":73,"column":null}}],"line":62}},"s":{"0":11,"1":11,"2":11,"3":0,"4":11,"5":1,"6":3,"7":3,"8":3,"9":2,"10":2,"11":1,"12":1,"13":1,"14":1,"15":1,"16":3,"17":10,"18":16},"f":{"0":11,"1":0,"2":3,"3":16},"b":{"0":[1,10],"1":[1,1]},"meta":{"lastBranch":2,"lastFunction":4,"lastStatement":19,"seen":{"f:20:24:20:39":0,"s:21:19:21:31":0,"s:23:32:23:Infinity":1,"s:25:18:25:Infinity":2,"f:25:18:25:34":1,"s:25:44:25:74":3,"b:27:2:29:Infinity:undefined:undefined:undefined:undefined":0,"s:27:2:29:Infinity":4,"s:28:4:28:Infinity":5,"f:31:17:31:32":2,"s:32:4:32:Infinity":6,"s:34:4:80:Infinity":7,"s:35:26:50:Infinity":8,"s:52:22:60:Infinity":9,"b:62:6:73:Infinity:67:13:73:Infinity":1,"s:62:6:73:Infinity":10,"s:64:8:64:Infinity":11,"s:66:8:66:Infinity":12,"s:68:8:72:Infinity":13,"s:75:6:75:Infinity":14,"s:77:6:77:Infinity":15,"s:79:6:79:Infinity":16,"s:83:2:117:Infinity":17,"f:89:10:89:19":3,"s:89:29:89:Infinity":18},"fnNames":{}}}
,"C:\\xampp\\htdocs\\fullstack-payment-flow\\frontend\\src\\pages\\FailedPage.tsx": {"path":"C:\\xampp\\htdocs\\fullstack-payment-flow\\frontend\\src\\pages\\FailedPage.tsx","statementMap":{"0":{"start":{"line":21,"column":19},"end":{"line":21,"column":31}},"1":{"start":{"line":23,"column":19},"end":{"line":23,"column":31}},"2":{"start":{"line":25,"column":17},"end":{"line":25,"column":null}},"3":{"start":{"line":27,"column":2},"end":{"line":149,"column":null}},"4":{"start":{"line":131,"column":31},"end":{"line":131,"column":null}},"5":{"start":{"line":141,"column":31},"end":{"line":141,"column":null}}},"fnMap":{"0":{"name":"FailedPage","decl":{"start":{"line":20,"column":24},"end":{"line":20,"column":37}},"loc":{"start":{"line":20,"column":37},"end":{"line":151,"column":null}},"line":20},"1":{"name":"(anonymous_1)","decl":{"start":{"line":131,"column":16},"end":{"line":131,"column":31}},"loc":{"start":{"line":131,"column":31},"end":{"line":131,"column":null}},"line":131},"2":{"name":"(anonymous_2)","decl":{"start":{"line":141,"column":16},"end":{"line":141,"column":31}},"loc":{"start":{"line":141,"column":31},"end":{"line":141,"column":null}},"line":141}},"branchMap":{"0":{"loc":{"start":{"line":25,"column":17},"end":{"line":25,"column":null}},"type":"binary-expr","locations":[{"start":{"line":25,"column":17},"end":{"line":25,"column":43}},{"start":{"line":25,"column":43},"end":{"line":25,"column":null}}],"line":25}},"s":{"0":3,"1":3,"2":3,"3":3,"4":1,"5":1},"f":{"0":3,"1":1,"2":1},"b":{"0":[3,0]},"meta":{"lastBranch":1,"lastFunction":3,"lastStatement":6,"seen":{"f:20:24:20:37":0,"s:21:19:21:31":0,"s:23:19:23:31":1,"s:25:17:25:Infinity":2,"b:25:17:25:43:25:43:25:Infinity":0,"s:27:2:149:Infinity":3,"f:131:16:131:31":1,"s:131:31:131:Infinity":4,"f:141:16:141:31":2,"s:141:31:141:Infinity":5},"fnNames":{}}}
,"C:\\xampp\\htdocs\\fullstack-payment-flow\\frontend\\src\\pages\\HomePage.tsx": {"path":"C:\\xampp\\htdocs\\fullstack-payment-flow\\frontend\\src\\pages\\HomePage.tsx","statementMap":{"0":{"start":{"line":13,"column":34},"end":{"line":13,"column":null}},"1":{"start":{"line":15,"column":19},"end":{"line":15,"column":34}},"2":{"start":{"line":16,"column":19},"end":{"line":16,"column":31}},"3":{"start":{"line":18,"column":2},"end":{"line":20,"column":null}},"4":{"start":{"line":19,"column":4},"end":{"line":19,"column":null}},"5":{"start":{"line":23,"column":4},"end":{"line":28,"column":null}},"6":{"start":{"line":24,"column":23},"end":{"line":24,"column":41}},"7":{"start":{"line":25,"column":6},"end":{"line":25,"column":null}},"8":{"start":{"line":27,"column":6},"end":{"line":27,"column":null}},"9":{"start":{"line":32,"column":4},"end":{"line":32,"column":null}},"10":{"start":{"line":34,"column":4},"end":{"line":37,"column":null}},"11":{"start":{"line":39,"column":4},"end":{"line":39,"column":null}},"12":{"start":{"line":42,"column":2},"end":{"line":55,"column":null}}},"fnMap":{"0":{"name":"HomePage","decl":{"start":{"line":12,"column":24},"end":{"line":12,"column":35}},"loc":{"start":{"line":12,"column":35},"end":{"line":57,"column":null}},"line":12},"1":{"name":"(anonymous_1)","decl":{"start":{"line":18,"column":2},"end":{"line":18,"column":18}},"loc":{"start":{"line":18,"column":18},"end":{"line":20,"column":5}},"line":18},"2":{"name":"loadProducts","decl":{"start":{"line":22,"column":17},"end":{"line":22,"column":32}},"loc":{"start":{"line":22,"column":32},"end":{"line":29,"column":null}},"line":22},"3":{"name":"handleBuy","decl":{"start":{"line":31,"column":11},"end":{"line":31,"column":21}},"loc":{"start":{"line":31,"column":39},"end":{"line":40,"column":null}},"line":31}},"branchMap":{},"s":{"0":4,"1":4,"2":4,"3":4,"4":2,"5":2,"6":2,"7":2,"8":0,"9":1,"10":1,"11":1,"12":4},"f":{"0":4,"1":2,"2":2,"3":1},"b":{},"meta":{"lastBranch":0,"lastFunction":4,"lastStatement":13,"seen":{"f:12:24:12:35":0,"s:13:34:13:Infinity":0,"s:15:19:15:34":1,"s:16:19:16:31":2,"s:18:2:20:Infinity":3,"f:18:2:18:18":1,"s:19:4:19:Infinity":4,"f:22:17:22:32":2,"s:23:4:28:Infinity":5,"s:24:23:24:41":6,"s:25:6:25:Infinity":7,"s:27:6:27:Infinity":8,"f:31:11:31:21":3,"s:32:4:32:Infinity":9,"s:34:4:37:Infinity":10,"s:39:4:39:Infinity":11,"s:42:2:55:Infinity":12},"fnNames":{}}}
,"C:\\xampp\\htdocs\\fullstack-payment-flow\\frontend\\src\\pages\\SuccessPage.tsx": {"path":"C:\\xampp\\htdocs\\fullstack-payment-flow\\frontend\\src\\pages\\SuccessPage.tsx","statementMap":{"0":{"start":{"line":28,"column":17},"end":{"line":28,"column":27}},"1":{"start":{"line":30,"column":19},"end":{"line":30,"column":31}},"2":{"start":{"line":32,"column":19},"end":{"line":32,"column":34}},"3":{"start":{"line":35,"column":4},"end":{"line":35,"column":null}},"4":{"start":{"line":37,"column":32},"end":{"line":37,"column":null}},"5":{"start":{"line":40,"column":2},"end":{"line":42,"column":null}},"6":{"start":{"line":41,"column":4},"end":{"line":41,"column":null}},"7":{"start":{"line":44,"column":2},"end":{"line":48,"column":null}},"8":{"start":{"line":45,"column":4},"end":{"line":47,"column":null}},"9":{"start":{"line":46,"column":6},"end":{"line":46,"column":null}},"10":{"start":{"line":51,"column":4},"end":{"line":59,"column":null}},"11":{"start":{"line":52,"column":23},"end":{"line":52,"column":null}},"12":{"start":{"line":54,"column":6},"end":{"line":54,"column":null}},"13":{"start":{"line":56,"column":6},"end":{"line":56,"column":null}},"14":{"start":{"line":58,"column":6},"end":{"line":58,"column":null}},"15":{"start":{"line":63,"column":4},"end":{"line":63,"column":null}},"16":{"start":{"line":65,"column":4},"end":{"line":65,"column":null}},"17":{"start":{"line":67,"column":4},"end":{"line":67,"column":null}},"18":{"start":{"line":70,"column":2},"end":{"line":82,"column":null}},"19":{"start":{"line":71,"column":4},"end":{"line":80,"column":null}},"20":{"start":{"line":84,"column":2},"end":{"line":86,"column":null}},"21":{"start":{"line":85,"column":4},"end":{"line":85,"column":null}},"22":{"start":{"line":88,"column":2},"end":{"line":367,"column":null}}},"fnMap":{"0":{"name":"SuccessPage","decl":{"start":{"line":27,"column":24},"end":{"line":27,"column":38}},"loc":{"start":{"line":27,"column":38},"end":{"line":369,"column":null}},"line":27},"1":{"name":"(anonymous_1)","decl":{"start":{"line":40,"column":2},"end":{"line":40,"column":18}},"loc":{"start":{"line":40,"column":18},"end":{"line":42,"column":5}},"line":40},"2":{"name":"(anonymous_2)","decl":{"start":{"line":44,"column":2},"end":{"line":44,"column":18}},"loc":{"start":{"line":44,"column":18},"end":{"line":48,"column":5}},"line":44},"3":{"name":"loadTransaction","decl":{"start":{"line":50,"column":17},"end":{"line":50,"column":35}},"loc":{"start":{"line":50,"column":35},"end":{"line":60,"column":null}},"line":50},"4":{"name":"handleContinueShopping","decl":{"start":{"line":62,"column":11},"end":{"line":62,"column":36}},"loc":{"start":{"line":62,"column":36},"end":{"line":68,"column":null}},"line":62}},"branchMap":{"0":{"loc":{"start":{"line":45,"column":4},"end":{"line":47,"column":null}},"type":"if","locations":[{"start":{"line":45,"column":4},"end":{"line":47,"column":null}},{"start":{},"end":{}}],"line":45},"1":{"loc":{"start":{"line":70,"column":2},"end":{"line":82,"column":null}},"type":"if","locations":[{"start":{"line":70,"column":2},"end":{"line":82,"column":null}},{"start":{},"end":{}}],"line":70},"2":{"loc":{"start":{"line":84,"column":2},"end":{"line":86,"column":null}},"type":"if","locations":[{"start":{"line":84,"column":2},"end":{"line":86,"column":null}},{"start":{},"end":{}}],"line":84}},"s":{"0":4,"1":4,"2":4,"3":4,"4":4,"5":4,"6":2,"7":4,"8":2,"9":2,"10":2,"11":2,"12":2,"13":0,"14":2,"15":1,"16":1,"17":1,"18":4,"19":2,"20":2,"21":0,"22":2},"f":{"0":4,"1":2,"2":2,"3":2,"4":1},"b":{"0":[2,0],"1":[2,2],"2":[0,2]},"meta":{"lastBranch":3,"lastFunction":5,"lastStatement":23,"seen":{"f:27:24:27:38":0,"s:28:17:28:27":0,"s:30:19:30:31":1,"s:32:19:32:34":2,"s:35:4:35:Infinity":3,"s:37:32:37:Infinity":4,"s:40:2:42:Infinity":5,"f:40:2:40:18":1,"s:41:4:41:Infinity":6,"s:44:2:48:Infinity":7,"f:44:2:44:18":2,"b:45:4:47:Infinity:undefined:undefined:undefined:undefined":0,"s:45:4:47:Infinity":8,"s:46:6:46:Infinity":9,"f:50:17:50:35":3,"s:51:4:59:Infinity":10,"s:52:23:52:Infinity":11,"s:54:6:54:Infinity":12,"s:56:6:56:Infinity":13,"s:58:6:58:Infinity":14,"f:62:11:62:36":4,"s:63:4:63:Infinity":15,"s:65:4:65:Infinity":16,"s:67:4:67:Infinity":17,"b:70:2:82:Infinity:undefined:undefined:undefined:undefined":1,"s:70:2:82:Infinity":18,"s:71:4:80:Infinity":19,"b:84:2:86:Infinity:undefined:undefined:undefined:undefined":2,"s:84:2:86:Infinity":20,"s:85:4:85:Infinity":21,"s:88:2:367:Infinity":22},"fnNames":{}}}
,"C:\\xampp\\htdocs\\fullstack-payment-flow\\frontend\\src\\schemas\\checkout.schema.ts": {"path":"C:\\xampp\\htdocs\\fullstack-payment-flow\\frontend\\src\\schemas\\checkout.schema.ts","statementMap":{"0":{"start":{"line":3,"column":30},"end":{"line":69,"column":null}}},"fnMap":{},"branchMap":{},"s":{"0":2},"f":{},"b":{},"meta":{"lastBranch":0,"lastFunction":0,"lastStatement":1,"seen":{"s:3:30:69:Infinity":0},"fnNames":{}}}
,"C:\\xampp\\htdocs\\fullstack-payment-flow\\frontend\\src\\services\\payment.service.ts": {"path":"C:\\xampp\\htdocs\\fullstack-payment-flow\\frontend\\src\\services\\payment.service.ts","statementMap":{"0":{"start":{"line":24,"column":19},"end":{"line":27,"column":null}},"1":{"start":{"line":29,"column":2},"end":{"line":29,"column":null}}},"fnMap":{"0":{"name":"processPayment","decl":{"start":{"line":20,"column":22},"end":{"line":20,"column":null}},"loc":{"start":{"line":22,"column":35},"end":{"line":30,"column":null}},"line":22}},"branchMap":{},"s":{"0":2,"1":1},"f":{"0":2},"b":{},"meta":{"lastBranch":0,"lastFunction":1,"lastStatement":2,"seen":{"f:20:22:20:Infinity":0,"s:24:19:27:Infinity":0,"s:29:2:29:Infinity":1},"fnNames":{}}}
,"C:\\xampp\\htdocs\\fullstack-payment-flow\\frontend\\src\\services\\product.service.ts": {"path":"C:\\xampp\\htdocs\\fullstack-payment-flow\\frontend\\src\\services\\product.service.ts","statementMap":{"0":{"start":{"line":5,"column":19},"end":{"line":5,"column":null}},"1":{"start":{"line":7,"column":2},"end":{"line":7,"column":null}}},"fnMap":{"0":{"name":"getProducts","decl":{"start":{"line":4,"column":22},"end":{"line":4,"column":56}},"loc":{"start":{"line":4,"column":56},"end":{"line":8,"column":null}},"line":4}},"branchMap":{},"s":{"0":1,"1":1},"f":{"0":1},"b":{},"meta":{"lastBranch":0,"lastFunction":1,"lastStatement":2,"seen":{"f:4:22:4:56":0,"s:5:19:5:Infinity":0,"s:7:2:7:Infinity":1},"fnNames":{}}}
,"C:\\xampp\\htdocs\\fullstack-payment-flow\\frontend\\src\\services\\transaction.service.ts": {"path":"C:\\xampp\\htdocs\\fullstack-payment-flow\\frontend\\src\\services\\transaction.service.ts","statementMap":{"0":{"start":{"line":30,"column":19},"end":{"line":33,"column":null}},"1":{"start":{"line":35,"column":2},"end":{"line":35,"column":null}},"2":{"start":{"line":42,"column":19},"end":{"line":44,"column":null}},"3":{"start":{"line":46,"column":2},"end":{"line":46,"column":null}}},"fnMap":{"0":{"name":"createTransaction","decl":{"start":{"line":26,"column":22},"end":{"line":26,"column":null}},"loc":{"start":{"line":28,"column":38},"end":{"line":36,"column":null}},"line":28},"1":{"name":"getTransactionById","decl":{"start":{"line":38,"column":22},"end":{"line":38,"column":null}},"loc":{"start":{"line":40,"column":30},"end":{"line":47,"column":null}},"line":40}},"branchMap":{},"s":{"0":1,"1":1,"2":1,"3":1},"f":{"0":1,"1":1},"b":{},"meta":{"lastBranch":0,"lastFunction":2,"lastStatement":4,"seen":{"f:26:22:26:Infinity":0,"s:30:19:33:Infinity":0,"s:35:2:35:Infinity":1,"f:38:22:38:Infinity":1,"s:42:19:44:Infinity":2,"s:46:2:46:Infinity":3},"fnNames":{}}}
,"C:\\xampp\\htdocs\\fullstack-payment-flow\\frontend\\src\\store\\slices\\checkoutSlice.ts": {"path":"C:\\xampp\\htdocs\\fullstack-payment-flow\\frontend\\src\\store\\slices\\checkoutSlice.ts","statementMap":{"0":{"start":{"line":12,"column":36},"end":{"line":14,"column":null}},"1":{"start":{"line":16,"column":22},"end":{"line":33,"column":null}},"2":{"start":{"line":23,"column":6},"end":{"line":23,"column":null}},"3":{"start":{"line":27,"column":6},"end":{"line":27,"column":null}},"4":{"start":{"line":30,"column":6},"end":{"line":30,"column":null}},"5":{"start":{"line":39,"column":4},"end":{"line":39,"column":null}}},"fnMap":{"0":{"name":"selectProduct","decl":{"start":{"line":22,"column":4},"end":{"line":22,"column":18}},"loc":{"start":{"line":22,"column":57},"end":{"line":24,"column":null}},"line":22},"1":{"name":"clearCheckout","decl":{"start":{"line":26,"column":4},"end":{"line":26,"column":18}},"loc":{"start":{"line":26,"column":25},"end":{"line":28,"column":null}},"line":26},"2":{"name":"restoreCheckout","decl":{"start":{"line":29,"column":4},"end":{"line":29,"column":20}},"loc":{"start":{"line":29,"column":59},"end":{"line":31,"column":null}},"line":29}},"branchMap":{},"s":{"0":3,"1":3,"2":1,"3":1,"4":1,"5":3},"f":{"0":1,"1":1,"2":1},"b":{},"meta":{"lastBranch":0,"lastFunction":3,"lastStatement":6,"seen":{"s:12:36:14:Infinity":0,"s:16:22:33:Infinity":1,"f:22:4:22:18":0,"s:23:6:23:Infinity":2,"f:26:4:26:18":1,"s:27:6:27:Infinity":3,"f:29:4:29:20":2,"s:30:6:30:Infinity":4,"s:39:4:39:Infinity":5},"fnNames":{}}}
}
